  [1m[35m (429.5ms)[0m  [1m[35mCREATE DATABASE "music_app_development" ENCODING = 'unicode'[0m
  ↳ /home/jrogergordon/.rbenv/versions/2.5.1/bin/rake:25
  [1m[35m (274.4ms)[0m  [1m[35mCREATE DATABASE "music_app_test" ENCODING = 'unicode'[0m
  ↳ /home/jrogergordon/.rbenv/versions/2.5.1/bin/rake:25
  [1m[35m (11.9ms)[0m  [1m[35mCREATE TABLE "schema_migrations" ("version" character varying NOT NULL PRIMARY KEY)[0m
  ↳ bin/rails:9
  [1m[35m (4.5ms)[0m  [1m[35mCREATE TABLE "ar_internal_metadata" ("key" character varying NOT NULL PRIMARY KEY, "value" character varying, "created_at" timestamp NOT NULL, "updated_at" timestamp NOT NULL)[0m
  ↳ bin/rails:9
  [1m[35m (0.3ms)[0m  [1m[34mSELECT pg_try_advisory_lock(4505726345591715405)[0m
  ↳ bin/rails:9
  [1m[35m (0.4ms)[0m  [1m[34mSELECT "schema_migrations"."version" FROM "schema_migrations" ORDER BY "schema_migrations"."version" ASC[0m
  ↳ bin/rails:9
Migrating to CreateUsers (20220706175039)
  [1m[35m (0.2ms)[0m  [1m[35mBEGIN[0m
  ↳ bin/rails:9
  [1m[35m (7.9ms)[0m  [1m[35mCREATE TABLE "users" ("id" bigserial primary key, "username" character varying, "created_at" timestamp NOT NULL, "updated_at" timestamp NOT NULL)[0m
  ↳ db/migrate/20220706175039_create_users.rb:3
  [1m[36mActiveRecord::SchemaMigration Create (1.4ms)[0m  [1m[32mINSERT INTO "schema_migrations" ("version") VALUES ($1) RETURNING "version"[0m  [["version", "20220706175039"]]
  ↳ bin/rails:9
  [1m[35m (1.5ms)[0m  [1m[35mCOMMIT[0m
  ↳ bin/rails:9
  [1m[36mActiveRecord::InternalMetadata Load (0.4ms)[0m  [1m[34mSELECT  "ar_internal_metadata".* FROM "ar_internal_metadata" WHERE "ar_internal_metadata"."key" = $1 LIMIT $2[0m  [["key", "environment"], ["LIMIT", 1]]
  ↳ bin/rails:9
  [1m[35m (0.4ms)[0m  [1m[35mBEGIN[0m
  ↳ bin/rails:9
  [1m[36mActiveRecord::InternalMetadata Create (5.5ms)[0m  [1m[32mINSERT INTO "ar_internal_metadata" ("key", "value", "created_at", "updated_at") VALUES ($1, $2, $3, $4) RETURNING "key"[0m  [["key", "environment"], ["value", "development"], ["created_at", "2022-07-06 17:52:13.123735"], ["updated_at", "2022-07-06 17:52:13.123735"]]
  ↳ bin/rails:9
  [1m[35m (1.2ms)[0m  [1m[35mCOMMIT[0m
  ↳ bin/rails:9
  [1m[35m (0.6ms)[0m  [1m[34mSELECT pg_advisory_unlock(4505726345591715405)[0m
  ↳ bin/rails:9
  [1m[35m (1.2ms)[0m  [1m[34mSELECT "schema_migrations"."version" FROM "schema_migrations" ORDER BY "schema_migrations"."version" ASC[0m
  ↳ bin/rails:9
  [1m[35m (0.8ms)[0m  [1m[34mSELECT pg_try_advisory_lock(4505726345591715405)[0m
  ↳ bin/rails:9
  [1m[35m (0.4ms)[0m  [1m[34mSELECT "schema_migrations"."version" FROM "schema_migrations" ORDER BY "schema_migrations"."version" ASC[0m
  ↳ bin/rails:9
Migrating to Emails (20220706175333)
  [1m[35m (0.2ms)[0m  [1m[35mBEGIN[0m
  ↳ bin/rails:9
  [1m[35m (2.0ms)[0m  [1m[35mALTER TABLE "users" RENAME COLUMN "username" TO "email"[0m
  ↳ db/migrate/20220706175333_emails.rb:3
  [1m[36mActiveRecord::SchemaMigration Create (1.1ms)[0m  [1m[32mINSERT INTO "schema_migrations" ("version") VALUES ($1) RETURNING "version"[0m  [["version", "20220706175333"]]
  ↳ bin/rails:9
  [1m[35m (1.6ms)[0m  [1m[35mCOMMIT[0m
  ↳ bin/rails:9
  [1m[36mActiveRecord::InternalMetadata Load (3.4ms)[0m  [1m[34mSELECT  "ar_internal_metadata".* FROM "ar_internal_metadata" WHERE "ar_internal_metadata"."key" = $1 LIMIT $2[0m  [["key", "environment"], ["LIMIT", 1]]
  ↳ bin/rails:9
  [1m[35m (0.5ms)[0m  [1m[35mBEGIN[0m
  ↳ bin/rails:9
  [1m[35m (1.2ms)[0m  [1m[35mCOMMIT[0m
  ↳ bin/rails:9
  [1m[35m (0.6ms)[0m  [1m[34mSELECT pg_advisory_unlock(4505726345591715405)[0m
  ↳ bin/rails:9
  [1m[35m (1.0ms)[0m  [1m[34mSELECT "schema_migrations"."version" FROM "schema_migrations" ORDER BY "schema_migrations"."version" ASC[0m
  ↳ bin/rails:9
  [1m[35m (0.3ms)[0m  [1m[34mSELECT pg_try_advisory_lock(4505726345591715405)[0m
  ↳ bin/rails:9
  [1m[35m (1.0ms)[0m  [1m[34mSELECT "schema_migrations"."version" FROM "schema_migrations" ORDER BY "schema_migrations"."version" ASC[0m
  ↳ bin/rails:9
Migrating to PasswordDigest (20220706175450)
  [1m[35m (0.3ms)[0m  [1m[35mBEGIN[0m
  ↳ bin/rails:9
  [1m[35m (0.5ms)[0m  [1m[31mROLLBACK[0m
  ↳ bin/rails:9
  [1m[35m (2.6ms)[0m  [1m[34mSELECT pg_advisory_unlock(4505726345591715405)[0m
  ↳ bin/rails:9
  [1m[35m (0.3ms)[0m  [1m[34mSELECT pg_try_advisory_lock(4505726345591715405)[0m
  ↳ bin/rails:9
  [1m[35m (2.4ms)[0m  [1m[34mSELECT "schema_migrations"."version" FROM "schema_migrations" ORDER BY "schema_migrations"."version" ASC[0m
  ↳ bin/rails:9
Migrating to PasswordDigest (20220706175450)
  [1m[35m (0.4ms)[0m  [1m[35mBEGIN[0m
  ↳ bin/rails:9
  [1m[35m (0.4ms)[0m  [1m[31mROLLBACK[0m
  ↳ bin/rails:9
  [1m[35m (0.5ms)[0m  [1m[34mSELECT pg_advisory_unlock(4505726345591715405)[0m
  ↳ bin/rails:9
  [1m[35m (0.2ms)[0m  [1m[34mSELECT pg_try_advisory_lock(4505726345591715405)[0m
  ↳ bin/rails:9
  [1m[35m (0.4ms)[0m  [1m[34mSELECT "schema_migrations"."version" FROM "schema_migrations" ORDER BY "schema_migrations"."version" ASC[0m
  ↳ bin/rails:9
Migrating to PasswordDigest (20220706175450)
  [1m[35m (0.2ms)[0m  [1m[35mBEGIN[0m
  ↳ bin/rails:9
  [1m[35m (1.8ms)[0m  [1m[35mALTER TABLE "users" ADD "password_digest" character varying[0m
  ↳ db/migrate/20220706175450_password_digest.rb:3
  [1m[35m (0.4ms)[0m  [1m[35mALTER TABLE "users" ADD "session_token" character varying[0m
  ↳ db/migrate/20220706175450_password_digest.rb:4
  [1m[35m (4.2ms)[0m  [1m[35mCREATE UNIQUE INDEX  "index_users_on_session_token" ON "users"  ("session_token")[0m
  ↳ db/migrate/20220706175450_password_digest.rb:5
  [1m[35m (5.9ms)[0m  [1m[35mCREATE UNIQUE INDEX  "index_users_on_email" ON "users"  ("email")[0m
  ↳ db/migrate/20220706175450_password_digest.rb:6
  [1m[35m (2.2ms)[0m  [1m[31mROLLBACK[0m
  ↳ bin/rails:9
  [1m[35m (1.2ms)[0m  [1m[34mSELECT pg_advisory_unlock(4505726345591715405)[0m
  ↳ bin/rails:9
  [1m[35m (0.7ms)[0m  [1m[34mSELECT pg_try_advisory_lock(4505726345591715405)[0m
  ↳ bin/rails:9
  [1m[35m (1.7ms)[0m  [1m[34mSELECT "schema_migrations"."version" FROM "schema_migrations" ORDER BY "schema_migrations"."version" ASC[0m
  ↳ bin/rails:9
Migrating to PasswordDigest (20220706175450)
  [1m[35m (0.8ms)[0m  [1m[35mBEGIN[0m
  ↳ bin/rails:9
  [1m[35m (9.3ms)[0m  [1m[35mALTER TABLE "users" ADD "password_digest" character varying NOT NULL[0m
  ↳ db/migrate/20220706175450_password_digest.rb:3
  [1m[35m (1.1ms)[0m  [1m[35mALTER TABLE "users" ADD "session_token" character varying NOT NULL[0m
  ↳ db/migrate/20220706175450_password_digest.rb:4
  [1m[35m (7.8ms)[0m  [1m[35mCREATE  INDEX  "index_users_on_session_token" ON "users"  ("session_token")[0m
  ↳ db/migrate/20220706175450_password_digest.rb:5
  [1m[35m (12.7ms)[0m  [1m[35mCREATE  INDEX  "index_users_on_email" ON "users"  ("email")[0m
  ↳ db/migrate/20220706175450_password_digest.rb:6
  [1m[36mActiveRecord::SchemaMigration Create (11.6ms)[0m  [1m[32mINSERT INTO "schema_migrations" ("version") VALUES ($1) RETURNING "version"[0m  [["version", "20220706175450"]]
  ↳ bin/rails:9
  [1m[35m (4.8ms)[0m  [1m[35mCOMMIT[0m
  ↳ bin/rails:9
  [1m[36mActiveRecord::InternalMetadata Load (4.7ms)[0m  [1m[34mSELECT  "ar_internal_metadata".* FROM "ar_internal_metadata" WHERE "ar_internal_metadata"."key" = $1 LIMIT $2[0m  [["key", "environment"], ["LIMIT", 1]]
  ↳ bin/rails:9
  [1m[35m (0.7ms)[0m  [1m[35mBEGIN[0m
  ↳ bin/rails:9
  [1m[35m (0.6ms)[0m  [1m[35mCOMMIT[0m
  ↳ bin/rails:9
  [1m[35m (1.1ms)[0m  [1m[34mSELECT pg_advisory_unlock(4505726345591715405)[0m
  ↳ bin/rails:9
  [1m[35m (1.3ms)[0m  [1m[34mSELECT "schema_migrations"."version" FROM "schema_migrations" ORDER BY "schema_migrations"."version" ASC[0m
  ↳ bin/rails:9
  [1m[35m (0.2ms)[0m  [1m[34mSELECT pg_try_advisory_lock(4505726345591715405)[0m
  ↳ bin/rails:9
  [1m[35m (0.4ms)[0m  [1m[34mSELECT "schema_migrations"."version" FROM "schema_migrations" ORDER BY "schema_migrations"."version" ASC[0m
  ↳ bin/rails:9
  [1m[36mActiveRecord::InternalMetadata Load (1.0ms)[0m  [1m[34mSELECT  "ar_internal_metadata".* FROM "ar_internal_metadata" WHERE "ar_internal_metadata"."key" = $1 LIMIT $2[0m  [["key", "environment"], ["LIMIT", 1]]
  ↳ bin/rails:9
  [1m[35m (0.2ms)[0m  [1m[35mBEGIN[0m
  ↳ bin/rails:9
  [1m[35m (0.2ms)[0m  [1m[35mCOMMIT[0m
  ↳ bin/rails:9
  [1m[35m (0.3ms)[0m  [1m[34mSELECT pg_advisory_unlock(4505726345591715405)[0m
  ↳ bin/rails:9
  [1m[35m (0.5ms)[0m  [1m[34mSELECT "schema_migrations"."version" FROM "schema_migrations" ORDER BY "schema_migrations"."version" ASC[0m
  ↳ bin/rails:9
Started GET "/cats" for ::1 at 2022-07-06 15:41:00 -0400
  [1m[35m (1.1ms)[0m  [1m[34mSELECT "schema_migrations"."version" FROM "schema_migrations" ORDER BY "schema_migrations"."version" ASC[0m
  ↳ /home/jrogergordon/.rbenv/versions/2.5.1/lib/ruby/gems/2.5.0/gems/activerecord-5.2.8/lib/active_record/log_subscriber.rb:98
  
ActionController::RoutingError (No route matches [GET] "/cats"):
  
actionpack (5.2.8) lib/action_dispatch/middleware/debug_exceptions.rb:65:in `call'
web-console (3.7.0) lib/web_console/middleware.rb:135:in `call_app'
web-console (3.7.0) lib/web_console/middleware.rb:30:in `block in call'
web-console (3.7.0) lib/web_console/middleware.rb:20:in `catch'
web-console (3.7.0) lib/web_console/middleware.rb:20:in `call'
actionpack (5.2.8) lib/action_dispatch/middleware/show_exceptions.rb:33:in `call'
railties (5.2.8) lib/rails/rack/logger.rb:38:in `call_app'
railties (5.2.8) lib/rails/rack/logger.rb:26:in `block in call'
activesupport (5.2.8) lib/active_support/tagged_logging.rb:71:in `block in tagged'
activesupport (5.2.8) lib/active_support/tagged_logging.rb:28:in `tagged'
activesupport (5.2.8) lib/active_support/tagged_logging.rb:71:in `tagged'
railties (5.2.8) lib/rails/rack/logger.rb:26:in `call'
sprockets-rails (3.4.2) lib/sprockets/rails/quiet_assets.rb:13:in `call'
actionpack (5.2.8) lib/action_dispatch/middleware/remote_ip.rb:81:in `call'
actionpack (5.2.8) lib/action_dispatch/middleware/request_id.rb:27:in `call'
rack (2.2.4) lib/rack/method_override.rb:24:in `call'
rack (2.2.4) lib/rack/runtime.rb:22:in `call'
activesupport (5.2.8) lib/active_support/cache/strategy/local_cache_middleware.rb:29:in `call'
actionpack (5.2.8) lib/action_dispatch/middleware/executor.rb:14:in `call'
actionpack (5.2.8) lib/action_dispatch/middleware/static.rb:127:in `call'
rack (2.2.4) lib/rack/sendfile.rb:110:in `call'
railties (5.2.8) lib/rails/engine.rb:524:in `call'
puma (3.12.6) lib/puma/configuration.rb:227:in `call'
puma (3.12.6) lib/puma/server.rb:706:in `handle_request'
puma (3.12.6) lib/puma/server.rb:476:in `process_client'
puma (3.12.6) lib/puma/server.rb:334:in `block in run'
puma (3.12.6) lib/puma/thread_pool.rb:135:in `block in spawn_thread'
Started GET "/" for ::1 at 2022-07-06 15:41:02 -0400
Processing by Rails::WelcomeController#index as HTML
  Rendering /home/jrogergordon/.rbenv/versions/2.5.1/lib/ruby/gems/2.5.0/gems/railties-5.2.8/lib/rails/templates/rails/welcome/index.html.erb
  Rendered /home/jrogergordon/.rbenv/versions/2.5.1/lib/ruby/gems/2.5.0/gems/railties-5.2.8/lib/rails/templates/rails/welcome/index.html.erb (2.3ms)
Completed 200 OK in 9ms (Views: 4.7ms | ActiveRecord: 0.0ms)


Started GET "/users" for ::1 at 2022-07-06 15:41:06 -0400
  
SyntaxError (/mnt/c/Users/jroge/OneDrive/Desktop/music_app/app/controllers/users_controller.rb:25: syntax error, unexpected ':', expecting ')'
...User.find_by(activation_token : params[:activation_token])
...                              ^
/mnt/c/Users/jroge/OneDrive/Desktop/music_app/app/controllers/users_controller.rb:25: syntax error, unexpected ')', expecting keyword_end
...en : params[:activation_token])
...                              ^):
  
app/controllers/users_controller.rb:25: syntax error, unexpected ':', expecting ')'
app/controllers/users_controller.rb:25: syntax error, unexpected ')', expecting keyword_end
Started GET "/users/2" for ::1 at 2022-07-06 15:41:18 -0400
  
SyntaxError (/mnt/c/Users/jroge/OneDrive/Desktop/music_app/app/controllers/users_controller.rb:25: syntax error, unexpected ':', expecting ')'
...User.find_by(activation_token : params[:activation_token])
...                              ^
/mnt/c/Users/jroge/OneDrive/Desktop/music_app/app/controllers/users_controller.rb:25: syntax error, unexpected ')', expecting keyword_end
...en : params[:activation_token])
...                              ^):
  
app/controllers/users_controller.rb:25: syntax error, unexpected ':', expecting ')'
app/controllers/users_controller.rb:25: syntax error, unexpected ')', expecting keyword_end
Started GET "/users" for 127.0.0.1 at 2022-07-06 15:43:00 -0400
  [1m[35m (0.4ms)[0m  [1m[34mSELECT "schema_migrations"."version" FROM "schema_migrations" ORDER BY "schema_migrations"."version" ASC[0m
  ↳ /home/jrogergordon/.rbenv/versions/2.5.1/lib/ruby/gems/2.5.0/gems/activerecord-5.2.8/lib/active_record/log_subscriber.rb:98
  
AbstractController::ActionNotFound (The action 'index' could not be found for UsersController):
  
actionpack (5.2.8) lib/abstract_controller/base.rb:129:in `process'
actionview (5.2.8) lib/action_view/rendering.rb:32:in `process'
actionpack (5.2.8) lib/action_controller/metal.rb:191:in `dispatch'
actionpack (5.2.8) lib/action_controller/metal.rb:252:in `dispatch'
actionpack (5.2.8) lib/action_dispatch/routing/route_set.rb:52:in `dispatch'
actionpack (5.2.8) lib/action_dispatch/routing/route_set.rb:34:in `serve'
actionpack (5.2.8) lib/action_dispatch/journey/router.rb:52:in `block in serve'
actionpack (5.2.8) lib/action_dispatch/journey/router.rb:35:in `each'
actionpack (5.2.8) lib/action_dispatch/journey/router.rb:35:in `serve'
actionpack (5.2.8) lib/action_dispatch/routing/route_set.rb:840:in `call'
rack (2.2.4) lib/rack/tempfile_reaper.rb:15:in `call'
rack (2.2.4) lib/rack/etag.rb:27:in `call'
rack (2.2.4) lib/rack/conditional_get.rb:27:in `call'
rack (2.2.4) lib/rack/head.rb:12:in `call'
actionpack (5.2.8) lib/action_dispatch/http/content_security_policy.rb:18:in `call'
rack (2.2.4) lib/rack/session/abstract/id.rb:266:in `context'
rack (2.2.4) lib/rack/session/abstract/id.rb:260:in `call'
actionpack (5.2.8) lib/action_dispatch/middleware/cookies.rb:670:in `call'
activerecord (5.2.8) lib/active_record/migration.rb:559:in `call'
actionpack (5.2.8) lib/action_dispatch/middleware/callbacks.rb:28:in `block in call'
activesupport (5.2.8) lib/active_support/callbacks.rb:98:in `run_callbacks'
actionpack (5.2.8) lib/action_dispatch/middleware/callbacks.rb:26:in `call'
actionpack (5.2.8) lib/action_dispatch/middleware/executor.rb:14:in `call'
actionpack (5.2.8) lib/action_dispatch/middleware/debug_exceptions.rb:61:in `call'
web-console (3.7.0) lib/web_console/middleware.rb:135:in `call_app'
web-console (3.7.0) lib/web_console/middleware.rb:30:in `block in call'
web-console (3.7.0) lib/web_console/middleware.rb:20:in `catch'
web-console (3.7.0) lib/web_console/middleware.rb:20:in `call'
actionpack (5.2.8) lib/action_dispatch/middleware/show_exceptions.rb:33:in `call'
railties (5.2.8) lib/rails/rack/logger.rb:38:in `call_app'
railties (5.2.8) lib/rails/rack/logger.rb:26:in `block in call'
activesupport (5.2.8) lib/active_support/tagged_logging.rb:71:in `block in tagged'
activesupport (5.2.8) lib/active_support/tagged_logging.rb:28:in `tagged'
activesupport (5.2.8) lib/active_support/tagged_logging.rb:71:in `tagged'
railties (5.2.8) lib/rails/rack/logger.rb:26:in `call'
sprockets-rails (3.4.2) lib/sprockets/rails/quiet_assets.rb:13:in `call'
actionpack (5.2.8) lib/action_dispatch/middleware/remote_ip.rb:81:in `call'
actionpack (5.2.8) lib/action_dispatch/middleware/request_id.rb:27:in `call'
rack (2.2.4) lib/rack/method_override.rb:24:in `call'
rack (2.2.4) lib/rack/runtime.rb:22:in `call'
activesupport (5.2.8) lib/active_support/cache/strategy/local_cache_middleware.rb:29:in `call'
actionpack (5.2.8) lib/action_dispatch/middleware/executor.rb:14:in `call'
actionpack (5.2.8) lib/action_dispatch/middleware/static.rb:127:in `call'
rack (2.2.4) lib/rack/sendfile.rb:110:in `call'
railties (5.2.8) lib/rails/engine.rb:524:in `call'
puma (3.12.6) lib/puma/configuration.rb:227:in `call'
puma (3.12.6) lib/puma/server.rb:706:in `handle_request'
puma (3.12.6) lib/puma/server.rb:476:in `process_client'
puma (3.12.6) lib/puma/server.rb:334:in `block in run'
puma (3.12.6) lib/puma/thread_pool.rb:135:in `block in spawn_thread'
Started GET "/users" for ::1 at 2022-07-06 15:43:01 -0400
  
AbstractController::ActionNotFound (The action 'index' could not be found for UsersController):
  
actionpack (5.2.8) lib/abstract_controller/base.rb:129:in `process'
actionview (5.2.8) lib/action_view/rendering.rb:32:in `process'
actionpack (5.2.8) lib/action_controller/metal.rb:191:in `dispatch'
actionpack (5.2.8) lib/action_controller/metal.rb:252:in `dispatch'
actionpack (5.2.8) lib/action_dispatch/routing/route_set.rb:52:in `dispatch'
actionpack (5.2.8) lib/action_dispatch/routing/route_set.rb:34:in `serve'
actionpack (5.2.8) lib/action_dispatch/journey/router.rb:52:in `block in serve'
actionpack (5.2.8) lib/action_dispatch/journey/router.rb:35:in `each'
actionpack (5.2.8) lib/action_dispatch/journey/router.rb:35:in `serve'
actionpack (5.2.8) lib/action_dispatch/routing/route_set.rb:840:in `call'
rack (2.2.4) lib/rack/tempfile_reaper.rb:15:in `call'
rack (2.2.4) lib/rack/etag.rb:27:in `call'
rack (2.2.4) lib/rack/conditional_get.rb:27:in `call'
rack (2.2.4) lib/rack/head.rb:12:in `call'
actionpack (5.2.8) lib/action_dispatch/http/content_security_policy.rb:18:in `call'
rack (2.2.4) lib/rack/session/abstract/id.rb:266:in `context'
rack (2.2.4) lib/rack/session/abstract/id.rb:260:in `call'
actionpack (5.2.8) lib/action_dispatch/middleware/cookies.rb:670:in `call'
activerecord (5.2.8) lib/active_record/migration.rb:559:in `call'
actionpack (5.2.8) lib/action_dispatch/middleware/callbacks.rb:28:in `block in call'
activesupport (5.2.8) lib/active_support/callbacks.rb:98:in `run_callbacks'
actionpack (5.2.8) lib/action_dispatch/middleware/callbacks.rb:26:in `call'
actionpack (5.2.8) lib/action_dispatch/middleware/executor.rb:14:in `call'
actionpack (5.2.8) lib/action_dispatch/middleware/debug_exceptions.rb:61:in `call'
web-console (3.7.0) lib/web_console/middleware.rb:135:in `call_app'
web-console (3.7.0) lib/web_console/middleware.rb:30:in `block in call'
web-console (3.7.0) lib/web_console/middleware.rb:20:in `catch'
web-console (3.7.0) lib/web_console/middleware.rb:20:in `call'
actionpack (5.2.8) lib/action_dispatch/middleware/show_exceptions.rb:33:in `call'
railties (5.2.8) lib/rails/rack/logger.rb:38:in `call_app'
railties (5.2.8) lib/rails/rack/logger.rb:26:in `block in call'
activesupport (5.2.8) lib/active_support/tagged_logging.rb:71:in `block in tagged'
activesupport (5.2.8) lib/active_support/tagged_logging.rb:28:in `tagged'
activesupport (5.2.8) lib/active_support/tagged_logging.rb:71:in `tagged'
railties (5.2.8) lib/rails/rack/logger.rb:26:in `call'
sprockets-rails (3.4.2) lib/sprockets/rails/quiet_assets.rb:13:in `call'
actionpack (5.2.8) lib/action_dispatch/middleware/remote_ip.rb:81:in `call'
actionpack (5.2.8) lib/action_dispatch/middleware/request_id.rb:27:in `call'
rack (2.2.4) lib/rack/method_override.rb:24:in `call'
rack (2.2.4) lib/rack/runtime.rb:22:in `call'
activesupport (5.2.8) lib/active_support/cache/strategy/local_cache_middleware.rb:29:in `call'
actionpack (5.2.8) lib/action_dispatch/middleware/executor.rb:14:in `call'
actionpack (5.2.8) lib/action_dispatch/middleware/static.rb:127:in `call'
rack (2.2.4) lib/rack/sendfile.rb:110:in `call'
railties (5.2.8) lib/rails/engine.rb:524:in `call'
puma (3.12.6) lib/puma/configuration.rb:227:in `call'
puma (3.12.6) lib/puma/server.rb:706:in `handle_request'
puma (3.12.6) lib/puma/server.rb:476:in `process_client'
puma (3.12.6) lib/puma/server.rb:334:in `block in run'
puma (3.12.6) lib/puma/thread_pool.rb:135:in `block in spawn_thread'
Started GET "/users/1" for ::1 at 2022-07-06 15:43:17 -0400
Processing by UsersController#show as HTML
  Parameters: {"id"=>"1"}
  Rendering users/show.html.erb within layouts/application
  Rendered users/show.html.erb within layouts/application (0.4ms)
Completed 200 OK in 1718ms (Views: 1712.5ms | ActiveRecord: 0.0ms)


